[2019_01_04__18_01_54] :MAIN [INFO   ] Program started.
[2019_01_04__18_01_54] :GENG [INFO   ] Constructing default GEngine.
[2019_01_04__18_01_54] :GENG [INFO   ] Initialising new GEngine...
[2019_01_04__18_01_54] :GENG [INFO   ] GLFW Initialised.
[2019_01_04__18_01_54] :GENG [INFO   ] Created GLFW window.
[2019_01_04__18_01_54] :GENG [INFO   ] GLFW window context set.
[2019_01_04__18_01_54] :GENG [INFO   ] GLEW Initialised.
[2019_01_04__18_01_54] :MAIN [INFO   ] Initialising GLSL shader programs...
[2019_01_04__18_01_54] :GSPR [INFO   ] Creating new program...
[2019_01_04__18_01_54] :GSPR [INFO   ] ../shaders/basic_texture.vert compiled succesfully.
[2019_01_04__18_01_54] :GSPR [INFO   ] ../shaders/basic_texture.frag compiled succesfully.
[2019_01_04__18_01_54] :GSPR [INFO   ] Program linked succesfully.
[2019_01_04__18_01_54] :GSPR [INFO   ] Loaded GShaderProgram 3 succesfully.
[2019_01_04__18_01_54] :GSVR [INFO   ] GShaderProgram Id 3, linking u_m to GShaderVariableHandleId 0
[2019_01_04__18_01_54] :GSVR [INFO   ] GShaderProgram Id 3, linking u_v to GShaderVariableHandleId 1
[2019_01_04__18_01_54] :GSVR [INFO   ] GShaderProgram Id 3, linking u_p to GShaderVariableHandleId 2
[2019_01_04__18_01_54] :GSPM [INFO   ] GShaderProgram added to GShaderProgramManager.
[2019_01_04__18_02_03] :GMSH [INFO   ] Loading new Mesh...
[2019_01_04__18_02_03] :GMSH [INFO   ] Buffered into VAO
[2019_01_04__18_02_03] :GENG [INFO   ] GEngine initialisation succesful.
[2019_01_04__18_02_03] :GENG [INFO   ] Initialised content succesfully.
[2019_01_04__18_02_03] :GENG [INFO   ] Running GL loop...
[2019_01_04__18_02_03] :GENG [INFO   ] ==================
[2019_01_04__18_02_04] :GENG [INFO   ] FPS 62
[2019_01_04__18_02_05] :GENG [INFO   ] FPS 62
[2019_01_04__18_02_06] :GENG [INFO   ] FPS 62
[2019_01_04__18_02_07] :GENG [INFO   ] FPS 62
[2019_01_04__18_02_08] :GENG [INFO   ] FPS 62
[2019_01_04__18_02_09] :GENG [INFO   ] FPS 62
[2019_01_04__18_02_10] :GENG [INFO   ] FPS 62
[2019_01_04__18_02_11] :GENG [INFO   ] FPS 62
[2019_01_04__18_02_12] :GENG [INFO   ] FPS 62
[2019_01_04__18_02_13] :GENG [INFO   ] FPS 62
[2019_01_04__18_02_14] :GENG [INFO   ] FPS 62
[2019_01_04__18_02_15] :GENG [INFO   ] FPS 62
[2019_01_04__18_02_16] :GENG [INFO   ] FPS 62
[2019_01_04__18_02_16] :MAIN [INFO   ] User triggered terminatation.
[2019_01_04__18_02_16] :GENG [INFO   ] ==================
[2019_01_04__18_02_16] :GENG [INFO   ] Window has closed. Application will now exit.
[2019_01_04__18_02_16] :GENG [INFO   ] GEngine terminated succesfully.
[2019_01_04__18_02_16] :MAIN [INFO   ] Program exit.
