[2019_01_04__18_20_30] :MAIN [INFO   ] Program started.
[2019_01_04__18_20_30] :GENG [INFO   ] Constructing default GEngine.
[2019_01_04__18_20_30] :GENG [INFO   ] Initialising new GEngine...
[2019_01_04__18_20_30] :GENG [INFO   ] GLFW Initialised.
[2019_01_04__18_20_30] :GENG [INFO   ] Created GLFW window.
[2019_01_04__18_20_30] :GENG [INFO   ] GLFW window context set.
[2019_01_04__18_20_30] :GENG [INFO   ] GLEW Initialised.
[2019_01_04__18_20_30] :GENG [INFO   ] GEngine initialisation started...
[2019_01_04__18_20_30] :MAIN [INFO   ] Initialising GLSL shader programs...
[2019_01_04__18_20_30] :GSPR [INFO   ] Creating new program...
[2019_01_04__18_20_30] :GSPR [INFO   ] ../shaders/basic_texture.vert compiled succesfully.
[2019_01_04__18_20_30] :GSPR [INFO   ] ../shaders/basic_texture.frag compiled succesfully.
[2019_01_04__18_20_30] :GSPR [INFO   ] Program linked succesfully.
[2019_01_04__18_20_30] :GSPR [INFO   ] Loaded GShaderProgram 3 succesfully.
[2019_01_04__18_20_30] :GSVR [INFO   ] GShaderProgram Id 3, linking u_m to GShaderVariableHandleId 0
[2019_01_04__18_20_30] :GSVR [INFO   ] GShaderProgram Id 3, linking u_v to GShaderVariableHandleId 1
[2019_01_04__18_20_30] :GSVR [INFO   ] GShaderProgram Id 3, linking u_p to GShaderVariableHandleId 2
[2019_01_04__18_20_30] :GSPM [INFO   ] GShaderProgram added to GShaderProgramManager.
[2019_01_04__18_20_30] :GMSH [INFO   ] Loading new Mesh...
[2019_01_04__18_20_30] :GMSH [INFO   ] Buffered into VAO
[2019_01_04__18_20_30] :GENG [INFO   ] GEngine initialisation succesful.
[2019_01_04__18_20_30] :GENG [INFO   ] Initialised content succesfully.
[2019_01_04__18_20_30] :GENG [INFO   ] Running GL loop...
[2019_01_04__18_20_30] :GENG [INFO   ] ==================
[2019_01_04__18_20_31] :GENG [INFO   ] FPS 101
[2019_01_04__18_20_32] :GENG [INFO   ] FPS 101
[2019_01_04__18_20_33] :GENG [INFO   ] FPS 101
[2019_01_04__18_20_34] :GENG [INFO   ] FPS 101
[2019_01_04__18_20_35] :GENG [INFO   ] FPS 101
[2019_01_04__18_20_35] :GENG [INFO   ] FPS 101
[2019_01_04__18_20_36] :GENG [INFO   ] FPS 101
[2019_01_04__18_20_37] :GENG [INFO   ] FPS 101
[2019_01_04__18_20_38] :GENG [INFO   ] FPS 101
[2019_01_04__18_20_39] :GENG [INFO   ] FPS 101
[2019_01_04__18_20_40] :GENG [INFO   ] FPS 101
[2019_01_04__18_20_41] :GENG [INFO   ] FPS 101
[2019_01_04__18_20_42] :GENG [INFO   ] FPS 101
[2019_01_04__18_20_43] :GENG [INFO   ] FPS 101
[2019_01_04__18_20_43] :MAIN [INFO   ] User left click
[2019_01_04__18_20_44] :GENG [INFO   ] FPS 101
[2019_01_04__18_20_44] :GENG [INFO   ] FPS 101
[2019_01_04__18_20_45] :GENG [INFO   ] FPS 101
[2019_01_04__18_20_46] :GENG [INFO   ] FPS 101
[2019_01_04__18_20_47] :GENG [INFO   ] FPS 101
[2019_01_04__18_20_48] :GENG [INFO   ] FPS 101
[2019_01_04__18_20_49] :GENG [INFO   ] FPS 101
[2019_01_04__18_20_50] :GENG [INFO   ] FPS 101
[2019_01_04__18_20_51] :GENG [INFO   ] FPS 101
[2019_01_04__18_20_52] :GENG [INFO   ] FPS 101
[2019_01_04__18_20_53] :GENG [INFO   ] FPS 101
[2019_01_04__18_20_53] :GENG [INFO   ] ==================
[2019_01_04__18_20_53] :GENG [INFO   ] Window has closed. Application will now exit.
[2019_01_04__18_20_53] :GENG [INFO   ] GEngine terminated succesfully.
[2019_01_04__18_20_53] :MAIN [INFO   ] Program exit.
