[2019_01_19__21_28_36] :MAIN [INFO   ] Program started.
[2019_01_19__21_28_36] :GENG [INFO   ] Constructing default GEngine.
[2019_01_19__21_28_36] :GENG [INFO   ] Initialising new GEngine...
[2019_01_19__21_28_36] :GENG [INFO   ] GLFW Initialised.
[2019_01_19__21_28_36] :GENG [INFO   ] Created GLFW window.
[2019_01_19__21_28_36] :GENG [INFO   ] GLFW window context set.
[2019_01_19__21_28_36] :GENG [INFO   ] GLEW Initialised.
[2019_01_19__21_28_36] :GENG [INFO   ] GEngine initialisation started...
[2019_01_19__21_28_36] :MAIN [INFO   ] Initialising GLSL shader programs...
[2019_01_19__21_28_36] :GSPR [INFO   ] Creating new program...
[2019_01_19__21_28_36] :GSPR [INFO   ] ../shaders/basic_texture.vert compiled succesfully.
[2019_01_19__21_28_36] :GSPR [INFO   ] ../shaders/basic_texture.frag compiled succesfully.
[2019_01_19__21_28_36] :GSPR [INFO   ] Program linked succesfully.
[2019_01_19__21_28_36] :GSPR [INFO   ] Loaded GShaderProgram 3 succesfully.
[2019_01_19__21_28_36] :GSVR [INFO   ] GShaderProgram Id 3, linking u_m to GShaderVariableHandleId 0
[2019_01_19__21_28_36] :GSVR [INFO   ] GShaderProgram Id 3, linking u_v to GShaderVariableHandleId 1
[2019_01_19__21_28_36] :GSVR [INFO   ] GShaderProgram Id 3, linking u_p to GShaderVariableHandleId 2
[2019_01_19__21_28_36] :GSPM [INFO   ] GShaderProgram added to GShaderProgramManager.
[2019_01_19__21_28_36] :GSPR [INFO   ] Creating new program...
[2019_01_19__21_28_36] :GSPR [INFO   ] ../shaders/phong.vert compiled succesfully.
[2019_01_19__21_28_36] :GSPR [INFO   ] ../shaders/phong.frag compiled succesfully.
[2019_01_19__21_28_36] :GSPR [INFO   ] Program linked succesfully.
[2019_01_19__21_28_36] :GSPR [INFO   ] Loaded GShaderProgram 6 succesfully.
[2019_01_19__21_28_36] :GSVR [INFO   ] GShaderProgram Id 6, linking u_m to GShaderVariableHandleId 0
[2019_01_19__21_28_36] :GSVR [INFO   ] GShaderProgram Id 6, linking u_v to GShaderVariableHandleId 1
[2019_01_19__21_28_36] :GSVR [INFO   ] GShaderProgram Id 6, linking u_p to GShaderVariableHandleId 2
[2019_01_19__21_28_36] :GSPM [INFO   ] GShaderProgram added to GShaderProgramManager.
[2019_01_19__21_28_36] :GSVR [INFO   ] GShaderProgram Id 6, linking u_light_pos to GShaderVariableHandleId 3
[2019_01_19__21_28_36] :GSVR [INFO   ] GShaderProgram Id 6, linking u_light_color to GShaderVariableHandleId 7
[2019_01_19__21_28_36] :GSVR [INFO   ] GShaderProgram Id 6, linking u_light_properties to GShaderVariableHandleId 5
[2019_01_19__21_28_36] :GSVR [INFO   ] GShaderProgram Id 6, linking u_eye_pos to GShaderVariableHandleId 4
[2019_01_19__21_28_36] :GSVR [INFO   ] GShaderProgram Id 6, linking u_ambient_color to GShaderVariableHandleId 6
[2019_01_19__21_28_36] :MAIN [INFO   ] Generating Sphere...
[2019_01_19__21_28_36] :GMSH [INFO   ] Loading new Mesh...
[2019_01_19__21_28_36] :GMSH [INFO   ] Buffered into VAO
[2019_01_19__21_28_36] :GENG [INFO   ] GEngine initialisation succesful.
[2019_01_19__21_28_36] :GENG [INFO   ] Initialised content succesfully.
[2019_01_19__21_28_36] :GENG [INFO   ] Running GL loop...
[2019_01_19__21_28_36] :GENG [INFO   ] ==================
[2019_01_19__21_28_37] :GENG [INFO   ] FPS 58
[2019_01_19__21_28_38] :GENG [INFO   ] FPS 58
[2019_01_19__21_28_39] :GENG [INFO   ] FPS 58
[2019_01_19__21_28_40] :GENG [INFO   ] FPS 58
[2019_01_19__21_28_41] :GENG [INFO   ] FPS 58
[2019_01_19__21_28_42] :GENG [INFO   ] FPS 58
[2019_01_19__21_28_43] :GENG [INFO   ] FPS 58
[2019_01_19__21_28_44] :GENG [INFO   ] FPS 58
[2019_01_19__21_28_45] :GENG [INFO   ] FPS 58
[2019_01_19__21_28_46] :GENG [INFO   ] FPS 58
[2019_01_19__21_28_47] :GENG [INFO   ] FPS 58
[2019_01_19__21_28_48] :GENG [INFO   ] FPS 58
[2019_01_19__21_28_49] :GENG [INFO   ] FPS 58
[2019_01_19__21_28_50] :GENG [INFO   ] FPS 58
[2019_01_19__21_28_51] :GENG [INFO   ] FPS 58
[2019_01_19__21_28_52] :GENG [INFO   ] FPS 58
[2019_01_19__21_28_53] :GENG [INFO   ] FPS 58
[2019_01_19__21_28_54] :GENG [INFO   ] FPS 58
[2019_01_19__21_28_55] :GENG [INFO   ] FPS 58
[2019_01_19__21_28_56] :GENG [INFO   ] FPS 58
[2019_01_19__21_28_57] :GENG [INFO   ] FPS 58
[2019_01_19__21_28_58] :GENG [INFO   ] FPS 58
[2019_01_19__21_28_58] :GENG [INFO   ] FPS 58
[2019_01_19__21_28_59] :GENG [INFO   ] FPS 58
[2019_01_19__21_29_00] :GENG [INFO   ] FPS 58
[2019_01_19__21_29_01] :GENG [INFO   ] FPS 58
[2019_01_19__21_29_02] :MAIN [INFO   ] User triggered terminatation.
[2019_01_19__21_29_02] :GENG [INFO   ] ==================
[2019_01_19__21_29_02] :GENG [INFO   ] Window has closed. Application will now exit.
[2019_01_19__21_29_02] :GENG [INFO   ] GEngine terminated succesfully.
[2019_01_19__21_29_02] :MAIN [INFO   ] Program exit.
