[2019_01_19__21_06_55] :MAIN [INFO   ] Program started.
[2019_01_19__21_06_55] :GENG [INFO   ] Constructing default GEngine.
[2019_01_19__21_06_55] :GENG [INFO   ] Initialising new GEngine...
[2019_01_19__21_06_55] :GENG [INFO   ] GLFW Initialised.
[2019_01_19__21_06_55] :GENG [INFO   ] Created GLFW window.
[2019_01_19__21_06_55] :GENG [INFO   ] GLFW window context set.
[2019_01_19__21_06_55] :GENG [INFO   ] GLEW Initialised.
[2019_01_19__21_06_55] :GENG [INFO   ] GEngine initialisation started...
[2019_01_19__21_06_55] :MAIN [INFO   ] Initialising GLSL shader programs...
[2019_01_19__21_06_55] :GSPR [INFO   ] Creating new program...
[2019_01_19__21_06_55] :GSPR [INFO   ] ../shaders/basic_texture.vert compiled succesfully.
[2019_01_19__21_06_55] :GSPR [INFO   ] ../shaders/basic_texture.frag compiled succesfully.
[2019_01_19__21_06_55] :GSPR [INFO   ] Program linked succesfully.
[2019_01_19__21_06_55] :GSPR [INFO   ] Loaded GShaderProgram 3 succesfully.
[2019_01_19__21_06_55] :GSVR [INFO   ] GShaderProgram Id 3, linking u_m to GShaderVariableHandleId 0
[2019_01_19__21_06_55] :GSVR [INFO   ] GShaderProgram Id 3, linking u_v to GShaderVariableHandleId 1
[2019_01_19__21_06_55] :GSVR [INFO   ] GShaderProgram Id 3, linking u_p to GShaderVariableHandleId 2
[2019_01_19__21_06_55] :GSPM [INFO   ] GShaderProgram added to GShaderProgramManager.
[2019_01_19__21_06_55] :GSPR [INFO   ] Creating new program...
[2019_01_19__21_06_55] :GSPR [INFO   ] ../shaders/phong.vert compiled succesfully.
[2019_01_19__21_06_55] :GSPR [INFO   ] ../shaders/phong.frag compiled succesfully.
[2019_01_19__21_06_55] :GSPR [INFO   ] Program linked succesfully.
[2019_01_19__21_06_55] :GSPR [INFO   ] Loaded GShaderProgram 6 succesfully.
[2019_01_19__21_06_55] :GSVR [INFO   ] GShaderProgram Id 6, linking u_m to GShaderVariableHandleId 0
[2019_01_19__21_06_55] :GSVR [INFO   ] GShaderProgram Id 6, linking u_v to GShaderVariableHandleId 1
[2019_01_19__21_06_55] :GSVR [INFO   ] GShaderProgram Id 6, linking u_p to GShaderVariableHandleId 2
[2019_01_19__21_06_55] :GSPM [INFO   ] GShaderProgram added to GShaderProgramManager.
[2019_01_19__21_06_55] :GSVR [INFO   ] GShaderProgram Id 6, linking u_light_pos to GShaderVariableHandleId 3
[2019_01_19__21_06_55] :GSVR [INFO   ] GShaderProgram Id 6, linking u_light_color to GShaderVariableHandleId 7
[2019_01_19__21_06_55] :GSVR [INFO   ] GShaderProgram Id 6, linking u_light_properties to GShaderVariableHandleId 5
[2019_01_19__21_06_55] :GSVR [INFO   ] GShaderProgram Id 6, linking u_eye_pos to GShaderVariableHandleId 4
[2019_01_19__21_06_55] :GSVR [INFO   ] GShaderProgram Id 6, linking u_ambient_color to GShaderVariableHandleId 6
[2019_01_19__21_06_55] :GMSH [INFO   ] Loading new Mesh...
[2019_01_19__21_06_55] :GMSH [INFO   ] Buffered into VAO
[2019_01_19__21_06_55] :GENG [INFO   ] GEngine initialisation succesful.
[2019_01_19__21_06_55] :GENG [INFO   ] Initialised content succesfully.
[2019_01_19__21_06_55] :GENG [INFO   ] Running GL loop...
[2019_01_19__21_06_55] :GENG [INFO   ] ==================
[2019_01_19__21_06_56] :GENG [INFO   ] FPS 58
[2019_01_19__21_06_57] :GENG [INFO   ] FPS 58
[2019_01_19__21_06_58] :GENG [INFO   ] FPS 58
[2019_01_19__21_06_59] :GENG [INFO   ] FPS 58
[2019_01_19__21_07_00] :GENG [INFO   ] FPS 58
[2019_01_19__21_07_01] :GENG [INFO   ] FPS 58
[2019_01_19__21_07_02] :GENG [INFO   ] FPS 58
[2019_01_19__21_07_03] :GENG [INFO   ] FPS 58
[2019_01_19__21_07_04] :GENG [INFO   ] FPS 58
[2019_01_19__21_07_05] :GENG [INFO   ] FPS 58
[2019_01_19__21_07_06] :GENG [INFO   ] FPS 58
[2019_01_19__21_07_07] :GENG [INFO   ] FPS 58
[2019_01_19__21_07_08] :GENG [INFO   ] FPS 58
[2019_01_19__21_07_09] :GENG [INFO   ] FPS 58
[2019_01_19__21_07_10] :GENG [INFO   ] FPS 58
[2019_01_19__21_07_11] :GENG [INFO   ] FPS 58
[2019_01_19__21_07_12] :GENG [INFO   ] FPS 58
[2019_01_19__21_07_13] :GENG [INFO   ] FPS 58
[2019_01_19__21_07_14] :GENG [INFO   ] FPS 58
[2019_01_19__21_07_15] :GENG [INFO   ] FPS 58
[2019_01_19__21_07_16] :GENG [INFO   ] FPS 58
[2019_01_19__21_07_16] :GENG [INFO   ] FPS 58
[2019_01_19__21_07_17] :GENG [INFO   ] FPS 58
[2019_01_19__21_07_18] :GENG [INFO   ] FPS 58
[2019_01_19__21_07_19] :GENG [INFO   ] FPS 58
[2019_01_19__21_07_20] :GENG [INFO   ] FPS 58
[2019_01_19__21_07_21] :GENG [INFO   ] FPS 58
[2019_01_19__21_07_22] :GENG [INFO   ] FPS 58
[2019_01_19__21_07_23] :GENG [INFO   ] FPS 58
[2019_01_19__21_07_24] :GENG [INFO   ] FPS 58
[2019_01_19__21_07_25] :GENG [INFO   ] FPS 58
[2019_01_19__21_07_26] :GENG [INFO   ] FPS 58
[2019_01_19__21_07_27] :MAIN [INFO   ] User triggered terminatation.
[2019_01_19__21_07_27] :GENG [INFO   ] ==================
[2019_01_19__21_07_27] :GENG [INFO   ] Window has closed. Application will now exit.
[2019_01_19__21_07_27] :GENG [INFO   ] GEngine terminated succesfully.
[2019_01_19__21_07_27] :MAIN [INFO   ] Program exit.
