[2019_01_19__21_24_21] :MAIN [INFO   ] Program started.
[2019_01_19__21_24_21] :GENG [INFO   ] Constructing default GEngine.
[2019_01_19__21_24_21] :GENG [INFO   ] Initialising new GEngine...
[2019_01_19__21_24_21] :GENG [INFO   ] GLFW Initialised.
[2019_01_19__21_24_22] :GENG [INFO   ] Created GLFW window.
[2019_01_19__21_24_22] :GENG [INFO   ] GLFW window context set.
[2019_01_19__21_24_22] :GENG [INFO   ] GLEW Initialised.
[2019_01_19__21_24_22] :GENG [INFO   ] GEngine initialisation started...
[2019_01_19__21_24_22] :MAIN [INFO   ] Initialising GLSL shader programs...
[2019_01_19__21_24_22] :GSPR [INFO   ] Creating new program...
[2019_01_19__21_24_22] :GSPR [INFO   ] ../shaders/basic_texture.vert compiled succesfully.
[2019_01_19__21_24_22] :GSPR [INFO   ] ../shaders/basic_texture.frag compiled succesfully.
[2019_01_19__21_24_22] :GSPR [INFO   ] Program linked succesfully.
[2019_01_19__21_24_22] :GSPR [INFO   ] Loaded GShaderProgram 3 succesfully.
[2019_01_19__21_24_22] :GSVR [INFO   ] GShaderProgram Id 3, linking u_m to GShaderVariableHandleId 0
[2019_01_19__21_24_22] :GSVR [INFO   ] GShaderProgram Id 3, linking u_v to GShaderVariableHandleId 1
[2019_01_19__21_24_22] :GSVR [INFO   ] GShaderProgram Id 3, linking u_p to GShaderVariableHandleId 2
[2019_01_19__21_24_22] :GSPM [INFO   ] GShaderProgram added to GShaderProgramManager.
[2019_01_19__21_24_22] :GSPR [INFO   ] Creating new program...
[2019_01_19__21_24_22] :GSPR [INFO   ] ../shaders/phong.vert compiled succesfully.
[2019_01_19__21_24_22] :GSPR [INFO   ] ../shaders/phong.frag compiled succesfully.
[2019_01_19__21_24_22] :GSPR [INFO   ] Program linked succesfully.
[2019_01_19__21_24_22] :GSPR [INFO   ] Loaded GShaderProgram 6 succesfully.
[2019_01_19__21_24_22] :GSVR [INFO   ] GShaderProgram Id 6, linking u_m to GShaderVariableHandleId 0
[2019_01_19__21_24_22] :GSVR [INFO   ] GShaderProgram Id 6, linking u_v to GShaderVariableHandleId 1
[2019_01_19__21_24_22] :GSVR [INFO   ] GShaderProgram Id 6, linking u_p to GShaderVariableHandleId 2
[2019_01_19__21_24_22] :GSPM [INFO   ] GShaderProgram added to GShaderProgramManager.
[2019_01_19__21_24_22] :GSVR [INFO   ] GShaderProgram Id 6, linking u_light_pos to GShaderVariableHandleId 3
[2019_01_19__21_24_22] :GSVR [INFO   ] GShaderProgram Id 6, linking u_light_color to GShaderVariableHandleId 7
[2019_01_19__21_24_22] :GSVR [INFO   ] GShaderProgram Id 6, linking u_light_properties to GShaderVariableHandleId 5
[2019_01_19__21_24_22] :GSVR [INFO   ] GShaderProgram Id 6, linking u_eye_pos to GShaderVariableHandleId 4
[2019_01_19__21_24_22] :GSVR [INFO   ] GShaderProgram Id 6, linking u_ambient_color to GShaderVariableHandleId 6
[2019_01_19__21_24_36] :GMSH [INFO   ] Loading new Mesh...
[2019_01_19__21_24_38] :GMSH [INFO   ] Buffered into VAO
[2019_01_19__21_24_38] :GENG [INFO   ] GEngine initialisation succesful.
[2019_01_19__21_24_38] :GENG [INFO   ] Initialised content succesfully.
[2019_01_19__21_24_38] :GENG [INFO   ] Running GL loop...
[2019_01_19__21_24_38] :GENG [INFO   ] ==================
[2019_01_19__21_24_39] :GENG [INFO   ] FPS 52
[2019_01_19__21_24_39] :GENG [INFO   ] FPS 55
[2019_01_19__21_24_40] :GENG [INFO   ] FPS 55
[2019_01_19__21_24_41] :GENG [INFO   ] FPS 55
[2019_01_19__21_24_42] :GENG [INFO   ] FPS 55
[2019_01_19__21_24_43] :GENG [INFO   ] FPS 55
[2019_01_19__21_24_44] :GENG [INFO   ] FPS 55
[2019_01_19__21_24_46] :GENG [INFO   ] FPS 55
[2019_01_19__21_24_47] :GENG [INFO   ] FPS 52
[2019_01_19__21_24_47] :GENG [INFO   ] FPS 55
[2019_01_19__21_24_48] :GENG [INFO   ] FPS 52
[2019_01_19__21_24_48] :GENG [INFO   ] FPS 55
[2019_01_19__21_24_49] :GENG [INFO   ] FPS 52
[2019_01_19__21_24_49] :GENG [INFO   ] FPS 55
[2019_01_19__21_24_50] :GENG [INFO   ] FPS 55
[2019_01_19__21_24_51] :GENG [INFO   ] FPS 55
[2019_01_19__21_24_52] :GENG [INFO   ] FPS 52
[2019_01_19__21_24_52] :GENG [INFO   ] FPS 55
[2019_01_19__21_24_53] :GENG [INFO   ] FPS 55
[2019_01_19__21_24_54] :GENG [INFO   ] FPS 52
[2019_01_19__21_24_55] :GENG [INFO   ] FPS 55
[2019_01_19__21_24_56] :GENG [INFO   ] FPS 52
[2019_01_19__21_24_56] :GENG [INFO   ] FPS 55
[2019_01_19__21_24_57] :GENG [INFO   ] FPS 52
[2019_01_19__21_24_58] :GENG [INFO   ] FPS 52
[2019_01_19__21_24_58] :GENG [INFO   ] FPS 55
[2019_01_19__21_25_00] :GENG [INFO   ] FPS 52
[2019_01_19__21_25_00] :GENG [INFO   ] FPS 55
[2019_01_19__21_25_02] :GENG [INFO   ] FPS 55
[2019_01_19__21_25_03] :GENG [INFO   ] FPS 55
[2019_01_19__21_25_04] :GENG [INFO   ] FPS 55
[2019_01_19__21_25_06] :GENG [INFO   ] FPS 55
[2019_01_19__21_25_08] :GENG [INFO   ] FPS 55
[2019_01_19__21_25_09] :GENG [INFO   ] FPS 55
[2019_01_19__21_25_10] :GENG [INFO   ] FPS 55
[2019_01_19__21_25_11] :GENG [INFO   ] FPS 52
[2019_01_19__21_25_12] :GENG [INFO   ] FPS 55
[2019_01_19__21_25_13] :GENG [INFO   ] FPS 55
[2019_01_19__21_25_14] :GENG [INFO   ] FPS 55
[2019_01_19__21_25_15] :GENG [INFO   ] FPS 55
[2019_01_19__21_25_16] :GENG [INFO   ] FPS 55
[2019_01_19__21_25_17] :GENG [INFO   ] FPS 55
[2019_01_19__21_25_18] :GENG [INFO   ] FPS 52
[2019_01_19__21_25_18] :GENG [INFO   ] FPS 55
[2019_01_19__21_25_19] :MAIN [INFO   ] User triggered terminatation.
[2019_01_19__21_25_19] :GENG [INFO   ] ==================
[2019_01_19__21_25_19] :GENG [INFO   ] Window has closed. Application will now exit.
[2019_01_19__21_25_19] :GENG [INFO   ] GEngine terminated succesfully.
[2019_01_19__21_25_19] :MAIN [INFO   ] Program exit.
